Arguments: 
  /home/wanderson/.nvm/versions/node/v14.15.4/bin/node /home/wanderson/.nvm/versions/node/v14.15.4/bin/yarn test:unit

PATH: 
  /home/wanderson/.nvm/versions/node/v14.15.4/bin:/usr/local/sbin:/usr/local/bin:/usr/sbin:/usr/bin:/sbin:/bin:/usr/games:/usr/local/games:/snap/bin

Yarn version: 
  1.22.10

Node version: 
  14.15.4

Platform: 
  linux x64

Trace: 
  SyntaxError: /home/wanderson/Project/Typescript TDD Clean Architecture/Clean-node-api/package.json: Unexpected token / in JSON at position 127
      at JSON.parse (<anonymous>)
      at /home/wanderson/.nvm/versions/node/v14.15.4/lib/node_modules/yarn/lib/cli.js:1625:59
      at Generator.next (<anonymous>)
      at step (/home/wanderson/.nvm/versions/node/v14.15.4/lib/node_modules/yarn/lib/cli.js:310:30)
      at /home/wanderson/.nvm/versions/node/v14.15.4/lib/node_modules/yarn/lib/cli.js:321:13

npm manifest: 
  {
      "name": "Clea-node-api",
      "version": "1.0.0",
      "description": "",
      "main": "index.js",
      "scripts": {
          // "test": "jest --passWithNoTests --watch",
          "test": "jest --passWithNoTests",
          "test:unit": "jest test -- --watch",
          "test:staged": "jest --passWithNoTests"
      },
      "keywords": [],
      "author": "",
      "license": "ISC",
      "devDependencies": {
          "@types/jest": "^26.0.20",
          "@types/node": "^14.14.31",
          "@typescript-eslint/eslint-plugin": "^4.16.1",
          "eslint": "^7.21.0",
          "eslint-config-standard-with-typescript": "^20.0.0",
          "eslint-plugin-import": "^2.22.1",
          "eslint-plugin-node": "^11.1.0",
          "eslint-plugin-promise": "^4.3.1",
          "git-commit-msg-linter": "^3.0.0",
          "husky": "^5.1.3",
          "jest": "^26.6.3",
          "lint-staged": "^10.5.4",
          "ts-jest": "^26.5.2",
          "ts-node": "^9.1.1",
          "typescript": "^4.2.2"
      }
  }

yarn manifest: 
  No manifest

Lockfile: 
  No lockfile
